<?xml version="1.0" encoding="UTF-8"?>
<testsuite xmlns:xsi="http://www.w3.org/2001/XMLSchema-instance" xsi:noNamespaceSchemaLocation="https://maven.apache.org/surefire/maven-surefire-plugin/xsd/surefire-test-report-3.0.xsd" version="3.0" name="gei.id.tutelado.AllTests" time="5.821" tests="19" errors="0" skipped="0" failures="0">
  <properties>
[...]
</properties>
  <testcase name="test02_Alta" classname="gei.id.tutelado.P01_PersonaFisica" time="0.401">
    <system-out><![CDATA[&amp#27;[32m[INFO ] gei.id.tutelado - 
&amp#27;[m&amp#27;[32m[INFO ] gei.id.tutelado - %%%%%%%%%%%%%%%%%%%%%%%%%%%%%%%%%%%%%%%%%%%%%%%%%%%%%%%%%%%%%%%%%%%%%%%%%%%%%%%%%%%%%%%%%%%%%%%%%%%%%%%%%%%%%%%%%%%%%%%%%%%%%%%%%%%%%%%%%
&amp#27;[m&amp#27;[32m[INFO ] gei.id.tutelado - Iniciando test: test02_Alta
&amp#27;[m&amp#27;[32m[INFO ] gei.id.tutelado - %%%%%%%%%%%%%%%%%%%%%%%%%%%%%%%%%%%%%%%%%%%%%%%%%%%%%%%%%%%%%%%%%%%%%%%%%%%%%%%%%%%%%%%%%%%%%%%%%%%%%%%%%%%%%%%%%%%%%%%%%%%%%%%%%%%%%%%%%
&amp#27;[m&amp#27;[32m[INFO ] gei.id.tutelado - 
&amp#27;[m&amp#27;[32m[INFO ] gei.id.tutelado - Limpando BD --------------------------------------------------------------------------------------------
&amp#27;[m&amp#27;[32m[INFO ] gei.id.tutelado - 
&amp#27;[m&amp#27;[32m[INFO ] gei.id.tutelado - Configurando situación de partida do test -----------------------------------------------------------------------
&amp#27;[m&amp#27;[32m[INFO ] gei.id.tutelado - 
&amp#27;[m&amp#27;[32m[INFO ] gei.id.tutelado - Inicio do test --------------------------------------------------------------------------------------------------
&amp#27;[m&amp#27;[32m[INFO ] gei.id.tutelado - Obxectivo: Proba de gravación na BD de nova persoa física.

&amp#27;[m&amp#27;[32m[INFO ] gei.id.tutelado - 
&amp#27;[m&amp#27;[32m[INFO ] gei.id.tutelado - -----------------------------------------------------------------------------------------------------------------------------------------
&amp#27;[m&amp#27;[32m[INFO ] gei.id.tutelado - Finalizado test: test02_Alta
&amp#27;[m&amp#27;[32m[INFO ] gei.id.tutelado - -----------------------------------------------------------------------------------------------------------------------------------------
&amp#27;[m]]></system-out>
  </testcase>
  <testcase name="test05_LAZY" classname="gei.id.tutelado.P01_PersonaFisica" time="0.191">
    <system-out><![CDATA[&amp#27;[32m[INFO ] gei.id.tutelado - 
&amp#27;[m&amp#27;[32m[INFO ] gei.id.tutelado - %%%%%%%%%%%%%%%%%%%%%%%%%%%%%%%%%%%%%%%%%%%%%%%%%%%%%%%%%%%%%%%%%%%%%%%%%%%%%%%%%%%%%%%%%%%%%%%%%%%%%%%%%%%%%%%%%%%%%%%%%%%%%%%%%%%%%%%%%
&amp#27;[m&amp#27;[32m[INFO ] gei.id.tutelado - Iniciando test: test05_LAZY
&amp#27;[m&amp#27;[32m[INFO ] gei.id.tutelado - %%%%%%%%%%%%%%%%%%%%%%%%%%%%%%%%%%%%%%%%%%%%%%%%%%%%%%%%%%%%%%%%%%%%%%%%%%%%%%%%%%%%%%%%%%%%%%%%%%%%%%%%%%%%%%%%%%%%%%%%%%%%%%%%%%%%%%%%%
&amp#27;[m&amp#27;[32m[INFO ] gei.id.tutelado - 
&amp#27;[m&amp#27;[32m[INFO ] gei.id.tutelado - Limpando BD --------------------------------------------------------------------------------------------
&amp#27;[m&amp#27;[32m[INFO ] gei.id.tutelado - 
&amp#27;[m&amp#27;[32m[INFO ] gei.id.tutelado - Configurando situación de partida do test -----------------------------------------------------------------------
&amp#27;[m&amp#27;[32m[INFO ] gei.id.tutelado - Inicio do test --------------------------------------------------------------------------------------------------
&amp#27;[m&amp#27;[32m[INFO ] gei.id.tutelado - Obxectivo: Proba da recuperación de propiedades LAZY
				 Casos contemplados:
				 a) Recuperación de usuario con colección (LAZY) de entradas de log 
				 b) Carga forzada de colección LAZY da dita coleccion
				 c) Recuperacion de entrada de log solta con referencia (EAGER) a usuario

&amp#27;[m&amp#27;[32m[INFO ] gei.id.tutelado - Probando (excepcion tras) recuperacion LAZY ---------------------------------------------------------------------
&amp#27;[m&amp#27;[32m[INFO ] gei.id.tutelado - Acceso a entradas de log de usuario
&amp#27;[m&amp#27;[32m[INFO ] gei.id.tutelado - org.hibernate.LazyInitializationException
&amp#27;[m&amp#27;[32m[INFO ] gei.id.tutelado - 
&amp#27;[m&amp#27;[32m[INFO ] gei.id.tutelado - Probando carga forzada de coleccion LAZY ------------------------------------------------------------------------
&amp#27;[m&amp#27;[32m[INFO ] gei.id.tutelado - 
&amp#27;[m&amp#27;[32m[INFO ] gei.id.tutelado - -----------------------------------------------------------------------------------------------------------------------------------------
&amp#27;[m&amp#27;[32m[INFO ] gei.id.tutelado - Finalizado test: test05_LAZY
&amp#27;[m&amp#27;[32m[INFO ] gei.id.tutelado - -----------------------------------------------------------------------------------------------------------------------------------------
&amp#27;[m]]></system-out>
  </testcase>
  <testcase name="test07_Propagacion_Remove" classname="gei.id.tutelado.P01_PersonaFisica" time="0.144">
    <system-out><![CDATA[&amp#27;[32m[INFO ] gei.id.tutelado - 
&amp#27;[m&amp#27;[32m[INFO ] gei.id.tutelado - %%%%%%%%%%%%%%%%%%%%%%%%%%%%%%%%%%%%%%%%%%%%%%%%%%%%%%%%%%%%%%%%%%%%%%%%%%%%%%%%%%%%%%%%%%%%%%%%%%%%%%%%%%%%%%%%%%%%%%%%%%%%%%%%%%%%%%%%%
&amp#27;[m&amp#27;[32m[INFO ] gei.id.tutelado - Iniciando test: test07_Propagacion_Remove
&amp#27;[m&amp#27;[32m[INFO ] gei.id.tutelado - %%%%%%%%%%%%%%%%%%%%%%%%%%%%%%%%%%%%%%%%%%%%%%%%%%%%%%%%%%%%%%%%%%%%%%%%%%%%%%%%%%%%%%%%%%%%%%%%%%%%%%%%%%%%%%%%%%%%%%%%%%%%%%%%%%%%%%%%%
&amp#27;[m&amp#27;[32m[INFO ] gei.id.tutelado - 
&amp#27;[m&amp#27;[32m[INFO ] gei.id.tutelado - Limpando BD --------------------------------------------------------------------------------------------
&amp#27;[m&amp#27;[32m[INFO ] gei.id.tutelado - 
&amp#27;[m&amp#27;[32m[INFO ] gei.id.tutelado - Configurando situación de partida do test -----------------------------------------------------------------------
&amp#27;[m&amp#27;[32m[INFO ] gei.id.tutelado - 
&amp#27;[m&amp#27;[32m[INFO ] gei.id.tutelado - Inicio do test --------------------------------------------------------------------------------------------------
&amp#27;[m&amp#27;[32m[INFO ] gei.id.tutelado - Obxectivo: Proba de eliminación de de usuario con entradas de log asociadas

&amp#27;[m&amp#27;[32m[INFO ] gei.id.tutelado - 
&amp#27;[m&amp#27;[32m[INFO ] gei.id.tutelado - -----------------------------------------------------------------------------------------------------------------------------------------
&amp#27;[m&amp#27;[32m[INFO ] gei.id.tutelado - Finalizado test: test07_Propagacion_Remove
&amp#27;[m&amp#27;[32m[INFO ] gei.id.tutelado - -----------------------------------------------------------------------------------------------------------------------------------------
&amp#27;[m]]></system-out>
  </testcase>
  <testcase name="test04_Modificacion" classname="gei.id.tutelado.P01_PersonaFisica" time="0.102">
    <system-out><![CDATA[&amp#27;[32m[INFO ] gei.id.tutelado - 
&amp#27;[m&amp#27;[32m[INFO ] gei.id.tutelado - %%%%%%%%%%%%%%%%%%%%%%%%%%%%%%%%%%%%%%%%%%%%%%%%%%%%%%%%%%%%%%%%%%%%%%%%%%%%%%%%%%%%%%%%%%%%%%%%%%%%%%%%%%%%%%%%%%%%%%%%%%%%%%%%%%%%%%%%%
&amp#27;[m&amp#27;[32m[INFO ] gei.id.tutelado - Iniciando test: test04_Modificacion
&amp#27;[m&amp#27;[32m[INFO ] gei.id.tutelado - %%%%%%%%%%%%%%%%%%%%%%%%%%%%%%%%%%%%%%%%%%%%%%%%%%%%%%%%%%%%%%%%%%%%%%%%%%%%%%%%%%%%%%%%%%%%%%%%%%%%%%%%%%%%%%%%%%%%%%%%%%%%%%%%%%%%%%%%%
&amp#27;[m&amp#27;[32m[INFO ] gei.id.tutelado - 
&amp#27;[m&amp#27;[32m[INFO ] gei.id.tutelado - Limpando BD --------------------------------------------------------------------------------------------
&amp#27;[m&amp#27;[32m[INFO ] gei.id.tutelado - 
&amp#27;[m&amp#27;[32m[INFO ] gei.id.tutelado - Configurando situación de partida do test -----------------------------------------------------------------------
&amp#27;[m&amp#27;[32m[INFO ] gei.id.tutelado - 
&amp#27;[m&amp#27;[32m[INFO ] gei.id.tutelado - Inicio do test --------------------------------------------------------------------------------------------------
&amp#27;[m&amp#27;[32m[INFO ] gei.id.tutelado - Obxectivo: Proba de modificación da información básica de persona fisica

&amp#27;[m&amp#27;[32m[INFO ] gei.id.tutelado - 
&amp#27;[m&amp#27;[32m[INFO ] gei.id.tutelado - -----------------------------------------------------------------------------------------------------------------------------------------
&amp#27;[m&amp#27;[32m[INFO ] gei.id.tutelado - Finalizado test: test04_Modificacion
&amp#27;[m&amp#27;[32m[INFO ] gei.id.tutelado - -----------------------------------------------------------------------------------------------------------------------------------------
&amp#27;[m]]></system-out>
  </testcase>
  <testcase name="test01_Recuperacion" classname="gei.id.tutelado.P01_PersonaFisica" time="0.127">
    <system-out><![CDATA[&amp#27;[32m[INFO ] gei.id.tutelado - 
&amp#27;[m&amp#27;[32m[INFO ] gei.id.tutelado - %%%%%%%%%%%%%%%%%%%%%%%%%%%%%%%%%%%%%%%%%%%%%%%%%%%%%%%%%%%%%%%%%%%%%%%%%%%%%%%%%%%%%%%%%%%%%%%%%%%%%%%%%%%%%%%%%%%%%%%%%%%%%%%%%%%%%%%%%
&amp#27;[m&amp#27;[32m[INFO ] gei.id.tutelado - Iniciando test: test01_Recuperacion
&amp#27;[m&amp#27;[32m[INFO ] gei.id.tutelado - %%%%%%%%%%%%%%%%%%%%%%%%%%%%%%%%%%%%%%%%%%%%%%%%%%%%%%%%%%%%%%%%%%%%%%%%%%%%%%%%%%%%%%%%%%%%%%%%%%%%%%%%%%%%%%%%%%%%%%%%%%%%%%%%%%%%%%%%%
&amp#27;[m&amp#27;[32m[INFO ] gei.id.tutelado - 
&amp#27;[m&amp#27;[32m[INFO ] gei.id.tutelado - Limpando BD --------------------------------------------------------------------------------------------
&amp#27;[m&amp#27;[32m[INFO ] gei.id.tutelado - 
&amp#27;[m&amp#27;[32m[INFO ] gei.id.tutelado - Configurando situación de partida do test -----------------------------------------------------------------------
&amp#27;[m&amp#27;[32m[INFO ] gei.id.tutelado - 
&amp#27;[m&amp#27;[32m[INFO ] gei.id.tutelado - Inicio do test --------------------------------------------------------------------------------------------------
&amp#27;[m&amp#27;[32m[INFO ] gei.id.tutelado - Obxectivo: Proba de recuperación desde a BD de contribuyentes (sen entradas asociadas) por nif
				 Casos contemplados:
				 a) Recuperación por nif existente
				 b) Recuperacion por nif inexistente

&amp#27;[m&amp#27;[32m[INFO ] gei.id.tutelado - Probando recuperacion por nif EXISTENTE --------------------------------------------------
&amp#27;[m&amp#27;[32m[INFO ] gei.id.tutelado - 
&amp#27;[m&amp#27;[32m[INFO ] gei.id.tutelado - Probando recuperacion por nif INEXISTENTE -----------------------------------------------
&amp#27;[m&amp#27;[32m[INFO ] gei.id.tutelado - 
&amp#27;[m&amp#27;[32m[INFO ] gei.id.tutelado - -----------------------------------------------------------------------------------------------------------------------------------------
&amp#27;[m&amp#27;[32m[INFO ] gei.id.tutelado - Finalizado test: test01_Recuperacion
&amp#27;[m&amp#27;[32m[INFO ] gei.id.tutelado - -----------------------------------------------------------------------------------------------------------------------------------------
&amp#27;[m]]></system-out>
  </testcase>
  <testcase name="test03_Eliminacion" classname="gei.id.tutelado.P01_PersonaFisica" time="0.127">
    <system-out><![CDATA[&amp#27;[32m[INFO ] gei.id.tutelado - 
&amp#27;[m&amp#27;[32m[INFO ] gei.id.tutelado - %%%%%%%%%%%%%%%%%%%%%%%%%%%%%%%%%%%%%%%%%%%%%%%%%%%%%%%%%%%%%%%%%%%%%%%%%%%%%%%%%%%%%%%%%%%%%%%%%%%%%%%%%%%%%%%%%%%%%%%%%%%%%%%%%%%%%%%%%
&amp#27;[m&amp#27;[32m[INFO ] gei.id.tutelado - Iniciando test: test03_Eliminacion
&amp#27;[m&amp#27;[32m[INFO ] gei.id.tutelado - %%%%%%%%%%%%%%%%%%%%%%%%%%%%%%%%%%%%%%%%%%%%%%%%%%%%%%%%%%%%%%%%%%%%%%%%%%%%%%%%%%%%%%%%%%%%%%%%%%%%%%%%%%%%%%%%%%%%%%%%%%%%%%%%%%%%%%%%%
&amp#27;[m&amp#27;[32m[INFO ] gei.id.tutelado - 
&amp#27;[m&amp#27;[32m[INFO ] gei.id.tutelado - Limpando BD --------------------------------------------------------------------------------------------
&amp#27;[m&amp#27;[32m[INFO ] gei.id.tutelado - 
&amp#27;[m&amp#27;[32m[INFO ] gei.id.tutelado - Configurando situación de partida do test -----------------------------------------------------------------------
&amp#27;[m&amp#27;[32m[INFO ] gei.id.tutelado - 
&amp#27;[m&amp#27;[32m[INFO ] gei.id.tutelado - Inicio do test --------------------------------------------------------------------------------------------------
&amp#27;[m&amp#27;[32m[INFO ] gei.id.tutelado - Obxectivo: Proba de eliminación da BD de contribuyente sen entradas asociadas

&amp#27;[m&amp#27;[32m[INFO ] gei.id.tutelado - 
&amp#27;[m&amp#27;[32m[INFO ] gei.id.tutelado - -----------------------------------------------------------------------------------------------------------------------------------------
&amp#27;[m&amp#27;[32m[INFO ] gei.id.tutelado - Finalizado test: test03_Eliminacion
&amp#27;[m&amp#27;[32m[INFO ] gei.id.tutelado - -----------------------------------------------------------------------------------------------------------------------------------------
&amp#27;[m]]></system-out>
  </testcase>
  <testcase name="test02_Alta" classname="gei.id.tutelado.P03_Declaracion" time="0.127">
    <system-out><![CDATA[&amp#27;[32m[INFO ] gei.id.tutelado - 
&amp#27;[m&amp#27;[32m[INFO ] gei.id.tutelado - %%%%%%%%%%%%%%%%%%%%%%%%%%%%%%%%%%%%%%%%%%%%%%%%%%%%%%%%%%%%%%%%%%%%%%%%%%%%%%%%%%%%%%%%%%%%%%%%%%%%%%%%%%%%%%%%%%%%%%%%%%%%%%%%%%%%%%%%%
&amp#27;[m&amp#27;[32m[INFO ] gei.id.tutelado - Iniciando test: test02_Alta
&amp#27;[m&amp#27;[32m[INFO ] gei.id.tutelado - %%%%%%%%%%%%%%%%%%%%%%%%%%%%%%%%%%%%%%%%%%%%%%%%%%%%%%%%%%%%%%%%%%%%%%%%%%%%%%%%%%%%%%%%%%%%%%%%%%%%%%%%%%%%%%%%%%%%%%%%%%%%%%%%%%%%%%%%%
&amp#27;[m&amp#27;[32m[INFO ] gei.id.tutelado - 
&amp#27;[m&amp#27;[32m[INFO ] gei.id.tutelado - Limpando BD --------------------------------------------------------------------------------------------
&amp#27;[m&amp#27;[32m[INFO ] gei.id.tutelado - 
&amp#27;[m&amp#27;[32m[INFO ] gei.id.tutelado - Configurando situación de partida do test -----------------------------------------------------------------------
&amp#27;[m&amp#27;[32m[INFO ] gei.id.tutelado - 
&amp#27;[m&amp#27;[32m[INFO ] gei.id.tutelado - Inicio do test --------------------------------------------------------------------------------------------------
&amp#27;[m&amp#27;[32m[INFO ] gei.id.tutelado - Obxectivo: Proba da gravación de declaraciones
				 Casos contemplados:
				 a) Primera declaración del contribuyente
				 b) Nueva declaración del contribuyente

&amp#27;[m&amp#27;[32m[INFO ] gei.id.tutelado - 
&amp#27;[m&amp#27;[32m[INFO ] gei.id.tutelado - Gravando primeira declaracion --------------------------------------------------------------------
&amp#27;[m&amp#27;[32m[INFO ] gei.id.tutelado - 
&amp#27;[m&amp#27;[32m[INFO ] gei.id.tutelado - Gravando segunda declaracion ---------------------------------------------------------------------
&amp#27;[m&amp#27;[32m[INFO ] gei.id.tutelado - 
&amp#27;[m&amp#27;[32m[INFO ] gei.id.tutelado - -----------------------------------------------------------------------------------------------------------------------------------------
&amp#27;[m&amp#27;[32m[INFO ] gei.id.tutelado - Finalizado test: test02_Alta
&amp#27;[m&amp#27;[32m[INFO ] gei.id.tutelado - -----------------------------------------------------------------------------------------------------------------------------------------
&amp#27;[m]]></system-out>
  </testcase>
  <testcase name="test04_Modificacion" classname="gei.id.tutelado.P03_Declaracion" time="0.16">
    <system-out><![CDATA[&amp#27;[32m[INFO ] gei.id.tutelado - 
&amp#27;[m&amp#27;[32m[INFO ] gei.id.tutelado - %%%%%%%%%%%%%%%%%%%%%%%%%%%%%%%%%%%%%%%%%%%%%%%%%%%%%%%%%%%%%%%%%%%%%%%%%%%%%%%%%%%%%%%%%%%%%%%%%%%%%%%%%%%%%%%%%%%%%%%%%%%%%%%%%%%%%%%%%
&amp#27;[m&amp#27;[32m[INFO ] gei.id.tutelado - Iniciando test: test04_Modificacion
&amp#27;[m&amp#27;[32m[INFO ] gei.id.tutelado - %%%%%%%%%%%%%%%%%%%%%%%%%%%%%%%%%%%%%%%%%%%%%%%%%%%%%%%%%%%%%%%%%%%%%%%%%%%%%%%%%%%%%%%%%%%%%%%%%%%%%%%%%%%%%%%%%%%%%%%%%%%%%%%%%%%%%%%%%
&amp#27;[m&amp#27;[32m[INFO ] gei.id.tutelado - 
&amp#27;[m&amp#27;[32m[INFO ] gei.id.tutelado - Limpando BD --------------------------------------------------------------------------------------------
&amp#27;[m&amp#27;[32m[INFO ] gei.id.tutelado - 
&amp#27;[m&amp#27;[32m[INFO ] gei.id.tutelado - Configurando situación de partida do test -----------------------------------------------------------------------
&amp#27;[m&amp#27;[32m[INFO ] gei.id.tutelado - 
&amp#27;[m&amp#27;[32m[INFO ] gei.id.tutelado - Inicio do test --------------------------------------------------------------------------------------------------
&amp#27;[m&amp#27;[32m[INFO ] gei.id.tutelado - Obxectivo: Proba de modificación da información dunha declaración solta

&amp#27;[m&amp#27;[32m[INFO ] gei.id.tutelado - 
&amp#27;[m&amp#27;[32m[INFO ] gei.id.tutelado - -----------------------------------------------------------------------------------------------------------------------------------------
&amp#27;[m&amp#27;[32m[INFO ] gei.id.tutelado - Finalizado test: test04_Modificacion
&amp#27;[m&amp#27;[32m[INFO ] gei.id.tutelado - -----------------------------------------------------------------------------------------------------------------------------------------
&amp#27;[m]]></system-out>
  </testcase>
  <testcase name="test01_Recuperacion" classname="gei.id.tutelado.P03_Declaracion" time="0.083">
    <system-out><![CDATA[&amp#27;[32m[INFO ] gei.id.tutelado - 
&amp#27;[m&amp#27;[32m[INFO ] gei.id.tutelado - %%%%%%%%%%%%%%%%%%%%%%%%%%%%%%%%%%%%%%%%%%%%%%%%%%%%%%%%%%%%%%%%%%%%%%%%%%%%%%%%%%%%%%%%%%%%%%%%%%%%%%%%%%%%%%%%%%%%%%%%%%%%%%%%%%%%%%%%%
&amp#27;[m&amp#27;[32m[INFO ] gei.id.tutelado - Iniciando test: test01_Recuperacion
&amp#27;[m&amp#27;[32m[INFO ] gei.id.tutelado - %%%%%%%%%%%%%%%%%%%%%%%%%%%%%%%%%%%%%%%%%%%%%%%%%%%%%%%%%%%%%%%%%%%%%%%%%%%%%%%%%%%%%%%%%%%%%%%%%%%%%%%%%%%%%%%%%%%%%%%%%%%%%%%%%%%%%%%%%
&amp#27;[m&amp#27;[32m[INFO ] gei.id.tutelado - 
&amp#27;[m&amp#27;[32m[INFO ] gei.id.tutelado - Limpando BD --------------------------------------------------------------------------------------------
&amp#27;[m&amp#27;[32m[INFO ] gei.id.tutelado - 
&amp#27;[m&amp#27;[32m[INFO ] gei.id.tutelado - Configurando situación de partida do test -----------------------------------------------------------------------
&amp#27;[m&amp#27;[32m[INFO ] gei.id.tutelado - 
&amp#27;[m&amp#27;[32m[INFO ] gei.id.tutelado - Inicio do test --------------------------------------------------------------------------------------------------
&amp#27;[m&amp#27;[32m[INFO ] gei.id.tutelado - Obxectivo: Proba de recuperación desde a BD de contribuyentes (sen entradas asociadas) por nif
				 Casos contemplados:
				 a) Recuperación por nif existente
				 b) Recuperacion por nif inexistente

&amp#27;[m&amp#27;[32m[INFO ] gei.id.tutelado - Probando recuperacion por nif EXISTENTE --------------------------------------------------
&amp#27;[m&amp#27;[32m[INFO ] gei.id.tutelado - 
&amp#27;[m&amp#27;[32m[INFO ] gei.id.tutelado - Probando recuperacion por numeroReferencia INEXISTENTE -----------------------------------------------
&amp#27;[m&amp#27;[32m[INFO ] gei.id.tutelado - 
&amp#27;[m&amp#27;[32m[INFO ] gei.id.tutelado - -----------------------------------------------------------------------------------------------------------------------------------------
&amp#27;[m&amp#27;[32m[INFO ] gei.id.tutelado - Finalizado test: test01_Recuperacion
&amp#27;[m&amp#27;[32m[INFO ] gei.id.tutelado - -----------------------------------------------------------------------------------------------------------------------------------------
&amp#27;[m]]></system-out>
  </testcase>
  <testcase name="test03_Eliminacion" classname="gei.id.tutelado.P03_Declaracion" time="0.068">
    <system-out><![CDATA[&amp#27;[32m[INFO ] gei.id.tutelado - 
&amp#27;[m&amp#27;[32m[INFO ] gei.id.tutelado - %%%%%%%%%%%%%%%%%%%%%%%%%%%%%%%%%%%%%%%%%%%%%%%%%%%%%%%%%%%%%%%%%%%%%%%%%%%%%%%%%%%%%%%%%%%%%%%%%%%%%%%%%%%%%%%%%%%%%%%%%%%%%%%%%%%%%%%%%
&amp#27;[m&amp#27;[32m[INFO ] gei.id.tutelado - Iniciando test: test03_Eliminacion
&amp#27;[m&amp#27;[32m[INFO ] gei.id.tutelado - %%%%%%%%%%%%%%%%%%%%%%%%%%%%%%%%%%%%%%%%%%%%%%%%%%%%%%%%%%%%%%%%%%%%%%%%%%%%%%%%%%%%%%%%%%%%%%%%%%%%%%%%%%%%%%%%%%%%%%%%%%%%%%%%%%%%%%%%%
&amp#27;[m&amp#27;[32m[INFO ] gei.id.tutelado - 
&amp#27;[m&amp#27;[32m[INFO ] gei.id.tutelado - Limpando BD --------------------------------------------------------------------------------------------
&amp#27;[m&amp#27;[32m[INFO ] gei.id.tutelado - 
&amp#27;[m&amp#27;[32m[INFO ] gei.id.tutelado - Configurando situación de partida do test -----------------------------------------------------------------------
&amp#27;[m&amp#27;[32m[INFO ] gei.id.tutelado - 
&amp#27;[m&amp#27;[32m[INFO ] gei.id.tutelado - Inicio do test --------------------------------------------------------------------------------------------------
&amp#27;[m&amp#27;[32m[INFO ] gei.id.tutelado - Obxectivo: Proba de eliminación da BD de contribuyente sen entradas asociadas

&amp#27;[m&amp#27;[32m[INFO ] gei.id.tutelado - 
&amp#27;[m&amp#27;[32m[INFO ] gei.id.tutelado - -----------------------------------------------------------------------------------------------------------------------------------------
&amp#27;[m&amp#27;[32m[INFO ] gei.id.tutelado - Finalizado test: test03_Eliminacion
&amp#27;[m&amp#27;[32m[INFO ] gei.id.tutelado - -----------------------------------------------------------------------------------------------------------------------------------------
&amp#27;[m]]></system-out>
  </testcase>
  <testcase name="test06_EAGER" classname="gei.id.tutelado.P03_Declaracion" time="0.098">
    <system-out><![CDATA[&amp#27;[32m[INFO ] gei.id.tutelado - 
&amp#27;[m&amp#27;[32m[INFO ] gei.id.tutelado - %%%%%%%%%%%%%%%%%%%%%%%%%%%%%%%%%%%%%%%%%%%%%%%%%%%%%%%%%%%%%%%%%%%%%%%%%%%%%%%%%%%%%%%%%%%%%%%%%%%%%%%%%%%%%%%%%%%%%%%%%%%%%%%%%%%%%%%%%
&amp#27;[m&amp#27;[32m[INFO ] gei.id.tutelado - Iniciando test: test06_EAGER
&amp#27;[m&amp#27;[32m[INFO ] gei.id.tutelado - %%%%%%%%%%%%%%%%%%%%%%%%%%%%%%%%%%%%%%%%%%%%%%%%%%%%%%%%%%%%%%%%%%%%%%%%%%%%%%%%%%%%%%%%%%%%%%%%%%%%%%%%%%%%%%%%%%%%%%%%%%%%%%%%%%%%%%%%%
&amp#27;[m&amp#27;[32m[INFO ] gei.id.tutelado - 
&amp#27;[m&amp#27;[32m[INFO ] gei.id.tutelado - Limpando BD --------------------------------------------------------------------------------------------
&amp#27;[m&amp#27;[32m[INFO ] gei.id.tutelado - 
&amp#27;[m&amp#27;[32m[INFO ] gei.id.tutelado - Configurando situación de partida do test -----------------------------------------------------------------------
&amp#27;[m&amp#27;[32m[INFO ] gei.id.tutelado - Inicio do test --------------------------------------------------------------------------------------------------
&amp#27;[m&amp#27;[32m[INFO ] gei.id.tutelado - Obxectivo: Proba da recuperación de propiedades EAGER

&amp#27;[m&amp#27;[32m[INFO ] gei.id.tutelado - Probando (que non hai excepcion tras) acceso inicial a propiedade EAGER fora de sesion ----------------------------------------
&amp#27;[m&amp#27;[32m[INFO ] gei.id.tutelado - Acceso a contribuyente de una declaración
&amp#27;[m&amp#27;[32m[INFO ] gei.id.tutelado - 
&amp#27;[m&amp#27;[32m[INFO ] gei.id.tutelado - -----------------------------------------------------------------------------------------------------------------------------------------
&amp#27;[m&amp#27;[32m[INFO ] gei.id.tutelado - Finalizado test: test06_EAGER
&amp#27;[m&amp#27;[32m[INFO ] gei.id.tutelado - -----------------------------------------------------------------------------------------------------------------------------------------
&amp#27;[m]]></system-out>
  </testcase>
  <testcase name="test02_Alta" classname="gei.id.tutelado.P02_PersonaJuridica" time="0.089">
    <system-out><![CDATA[&amp#27;[32m[INFO ] gei.id.tutelado - 
&amp#27;[m&amp#27;[32m[INFO ] gei.id.tutelado - %%%%%%%%%%%%%%%%%%%%%%%%%%%%%%%%%%%%%%%%%%%%%%%%%%%%%%%%%%%%%%%%%%%%%%%%%%%%%%%%%%%%%%%%%%%%%%%%%%%%%%%%%%%%%%%%%%%%%%%%%%%%%%%%%%%%%%%%%
&amp#27;[m&amp#27;[32m[INFO ] gei.id.tutelado - Iniciando test: test02_Alta
&amp#27;[m&amp#27;[32m[INFO ] gei.id.tutelado - %%%%%%%%%%%%%%%%%%%%%%%%%%%%%%%%%%%%%%%%%%%%%%%%%%%%%%%%%%%%%%%%%%%%%%%%%%%%%%%%%%%%%%%%%%%%%%%%%%%%%%%%%%%%%%%%%%%%%%%%%%%%%%%%%%%%%%%%%
&amp#27;[m&amp#27;[32m[INFO ] gei.id.tutelado - 
&amp#27;[m&amp#27;[32m[INFO ] gei.id.tutelado - Limpando BD --------------------------------------------------------------------------------------------
&amp#27;[m&amp#27;[32m[INFO ] gei.id.tutelado - 
&amp#27;[m&amp#27;[32m[INFO ] gei.id.tutelado - Configurando situación de partida do test -----------------------------------------------------------------------
&amp#27;[m&amp#27;[32m[INFO ] gei.id.tutelado - 
&amp#27;[m&amp#27;[32m[INFO ] gei.id.tutelado - Inicio do test --------------------------------------------------------------------------------------------------
&amp#27;[m&amp#27;[32m[INFO ] gei.id.tutelado - Obxectivo: Proba de gravación na BD de nova persoa juridica.

&amp#27;[m&amp#27;[32m[INFO ] gei.id.tutelado - 
&amp#27;[m&amp#27;[32m[INFO ] gei.id.tutelado - -----------------------------------------------------------------------------------------------------------------------------------------
&amp#27;[m&amp#27;[32m[INFO ] gei.id.tutelado - Finalizado test: test02_Alta
&amp#27;[m&amp#27;[32m[INFO ] gei.id.tutelado - -----------------------------------------------------------------------------------------------------------------------------------------
&amp#27;[m]]></system-out>
  </testcase>
  <testcase name="test04_Modificacion" classname="gei.id.tutelado.P02_PersonaJuridica" time="0.072">
    <system-out><![CDATA[&amp#27;[32m[INFO ] gei.id.tutelado - 
&amp#27;[m&amp#27;[32m[INFO ] gei.id.tutelado - %%%%%%%%%%%%%%%%%%%%%%%%%%%%%%%%%%%%%%%%%%%%%%%%%%%%%%%%%%%%%%%%%%%%%%%%%%%%%%%%%%%%%%%%%%%%%%%%%%%%%%%%%%%%%%%%%%%%%%%%%%%%%%%%%%%%%%%%%
&amp#27;[m&amp#27;[32m[INFO ] gei.id.tutelado - Iniciando test: test04_Modificacion
&amp#27;[m&amp#27;[32m[INFO ] gei.id.tutelado - %%%%%%%%%%%%%%%%%%%%%%%%%%%%%%%%%%%%%%%%%%%%%%%%%%%%%%%%%%%%%%%%%%%%%%%%%%%%%%%%%%%%%%%%%%%%%%%%%%%%%%%%%%%%%%%%%%%%%%%%%%%%%%%%%%%%%%%%%
&amp#27;[m&amp#27;[32m[INFO ] gei.id.tutelado - 
&amp#27;[m&amp#27;[32m[INFO ] gei.id.tutelado - Limpando BD --------------------------------------------------------------------------------------------
&amp#27;[m&amp#27;[32m[INFO ] gei.id.tutelado - 
&amp#27;[m&amp#27;[32m[INFO ] gei.id.tutelado - Configurando situación de partida do test -----------------------------------------------------------------------
&amp#27;[m&amp#27;[32m[INFO ] gei.id.tutelado - 
&amp#27;[m&amp#27;[32m[INFO ] gei.id.tutelado - Inicio do test --------------------------------------------------------------------------------------------------
&amp#27;[m&amp#27;[32m[INFO ] gei.id.tutelado - Obxectivo: Proba de modificación da información básica de persona juridica

&amp#27;[m&amp#27;[32m[INFO ] gei.id.tutelado - 
&amp#27;[m&amp#27;[32m[INFO ] gei.id.tutelado - -----------------------------------------------------------------------------------------------------------------------------------------
&amp#27;[m&amp#27;[32m[INFO ] gei.id.tutelado - Finalizado test: test04_Modificacion
&amp#27;[m&amp#27;[32m[INFO ] gei.id.tutelado - -----------------------------------------------------------------------------------------------------------------------------------------
&amp#27;[m]]></system-out>
  </testcase>
  <testcase name="test01_Recuperacion" classname="gei.id.tutelado.P02_PersonaJuridica" time="0.091">
    <system-out><![CDATA[&amp#27;[32m[INFO ] gei.id.tutelado - 
&amp#27;[m&amp#27;[32m[INFO ] gei.id.tutelado - %%%%%%%%%%%%%%%%%%%%%%%%%%%%%%%%%%%%%%%%%%%%%%%%%%%%%%%%%%%%%%%%%%%%%%%%%%%%%%%%%%%%%%%%%%%%%%%%%%%%%%%%%%%%%%%%%%%%%%%%%%%%%%%%%%%%%%%%%
&amp#27;[m&amp#27;[32m[INFO ] gei.id.tutelado - Iniciando test: test01_Recuperacion
&amp#27;[m&amp#27;[32m[INFO ] gei.id.tutelado - %%%%%%%%%%%%%%%%%%%%%%%%%%%%%%%%%%%%%%%%%%%%%%%%%%%%%%%%%%%%%%%%%%%%%%%%%%%%%%%%%%%%%%%%%%%%%%%%%%%%%%%%%%%%%%%%%%%%%%%%%%%%%%%%%%%%%%%%%
&amp#27;[m&amp#27;[32m[INFO ] gei.id.tutelado - 
&amp#27;[m&amp#27;[32m[INFO ] gei.id.tutelado - Limpando BD --------------------------------------------------------------------------------------------
&amp#27;[m&amp#27;[32m[INFO ] gei.id.tutelado - 
&amp#27;[m&amp#27;[32m[INFO ] gei.id.tutelado - Configurando situación de partida do test -----------------------------------------------------------------------
&amp#27;[m&amp#27;[32m[INFO ] gei.id.tutelado - 
&amp#27;[m&amp#27;[32m[INFO ] gei.id.tutelado - Inicio do test --------------------------------------------------------------------------------------------------
&amp#27;[m&amp#27;[32m[INFO ] gei.id.tutelado - Obxectivo: Proba de recuperación desde a BD de contribuyentes (sen entradas asociadas) por nif
				 Casos contemplados:
				 a) Recuperación por nif existente
				 b) Recuperacion por nif inexistente

&amp#27;[m&amp#27;[32m[INFO ] gei.id.tutelado - Probando recuperacion por nif EXISTENTE --------------------------------------------------
&amp#27;[m&amp#27;[32m[INFO ] gei.id.tutelado - 
&amp#27;[m&amp#27;[32m[INFO ] gei.id.tutelado - Probando recuperacion por nif INEXISTENTE -----------------------------------------------
&amp#27;[m&amp#27;[32m[INFO ] gei.id.tutelado - 
&amp#27;[m&amp#27;[32m[INFO ] gei.id.tutelado - -----------------------------------------------------------------------------------------------------------------------------------------
&amp#27;[m&amp#27;[32m[INFO ] gei.id.tutelado - Finalizado test: test01_Recuperacion
&amp#27;[m&amp#27;[32m[INFO ] gei.id.tutelado - -----------------------------------------------------------------------------------------------------------------------------------------
&amp#27;[m]]></system-out>
  </testcase>
  <testcase name="test03_Eliminacion" classname="gei.id.tutelado.P02_PersonaJuridica" time="0.09">
    <system-out><![CDATA[&amp#27;[32m[INFO ] gei.id.tutelado - 
&amp#27;[m&amp#27;[32m[INFO ] gei.id.tutelado - %%%%%%%%%%%%%%%%%%%%%%%%%%%%%%%%%%%%%%%%%%%%%%%%%%%%%%%%%%%%%%%%%%%%%%%%%%%%%%%%%%%%%%%%%%%%%%%%%%%%%%%%%%%%%%%%%%%%%%%%%%%%%%%%%%%%%%%%%
&amp#27;[m&amp#27;[32m[INFO ] gei.id.tutelado - Iniciando test: test03_Eliminacion
&amp#27;[m&amp#27;[32m[INFO ] gei.id.tutelado - %%%%%%%%%%%%%%%%%%%%%%%%%%%%%%%%%%%%%%%%%%%%%%%%%%%%%%%%%%%%%%%%%%%%%%%%%%%%%%%%%%%%%%%%%%%%%%%%%%%%%%%%%%%%%%%%%%%%%%%%%%%%%%%%%%%%%%%%%
&amp#27;[m&amp#27;[32m[INFO ] gei.id.tutelado - 
&amp#27;[m&amp#27;[32m[INFO ] gei.id.tutelado - Limpando BD --------------------------------------------------------------------------------------------
&amp#27;[m&amp#27;[32m[INFO ] gei.id.tutelado - 
&amp#27;[m&amp#27;[32m[INFO ] gei.id.tutelado - Configurando situación de partida do test -----------------------------------------------------------------------
&amp#27;[m&amp#27;[32m[INFO ] gei.id.tutelado - 
&amp#27;[m&amp#27;[32m[INFO ] gei.id.tutelado - Inicio do test --------------------------------------------------------------------------------------------------
&amp#27;[m&amp#27;[32m[INFO ] gei.id.tutelado - Obxectivo: Proba de eliminación da BD de contribuyente sen entradas asociadas

&amp#27;[m&amp#27;[32m[INFO ] gei.id.tutelado - 
&amp#27;[m&amp#27;[32m[INFO ] gei.id.tutelado - -----------------------------------------------------------------------------------------------------------------------------------------
&amp#27;[m&amp#27;[32m[INFO ] gei.id.tutelado - Finalizado test: test03_Eliminacion
&amp#27;[m&amp#27;[32m[INFO ] gei.id.tutelado - -----------------------------------------------------------------------------------------------------------------------------------------
&amp#27;[m]]></system-out>
  </testcase>
  <testcase name="test08_Agregacion" classname="gei.id.tutelado.P04_Consultas" time="0.071">
    <system-out><![CDATA[&amp#27;[32m[INFO ] gei.id.tutelado - 
&amp#27;[m&amp#27;[32m[INFO ] gei.id.tutelado - %%%%%%%%%%%%%%%%%%%%%%%%%%%%%%%%%%%%%%%%%%%%%%%%%%%%%%%%%%%%%%%%%%%%%%%%%%%%%%%%%%%%%%%%%%%%%%%%%%%%%%%%%%%%%%%%%%%%%%%%%%%%%%%%%%%%%%%%%
&amp#27;[m&amp#27;[32m[INFO ] gei.id.tutelado - Iniciando test: test08_Agregacion
&amp#27;[m&amp#27;[32m[INFO ] gei.id.tutelado - %%%%%%%%%%%%%%%%%%%%%%%%%%%%%%%%%%%%%%%%%%%%%%%%%%%%%%%%%%%%%%%%%%%%%%%%%%%%%%%%%%%%%%%%%%%%%%%%%%%%%%%%%%%%%%%%%%%%%%%%%%%%%%%%%%%%%%%%%
&amp#27;[m&amp#27;[32m[INFO ] gei.id.tutelado - 
&amp#27;[m&amp#27;[32m[INFO ] gei.id.tutelado - Limpando BD -----------------------------------------------------------------------------------------------------
&amp#27;[m&amp#27;[32m[INFO ] gei.id.tutelado - 
&amp#27;[m&amp#27;[32m[INFO ] gei.id.tutelado - Configurando situación de partida do test -----------------------------------------------------------------------
&amp#27;[m&amp#27;[32m[INFO ] gei.id.tutelado - 
&amp#27;[m&amp#27;[32m[INFO ] gei.id.tutelado - Inicio do test --------------------------------------------------------------------------------------------------
&amp#27;[m&amp#27;[32m[INFO ] gei.id.tutelado - Obxectivo: Proba da consulta cantidadPorTipoImpuesto

&amp#27;[m[[Ljava.lang.Object;@6a0c7af6]
&amp#27;[32m[INFO ] gei.id.tutelado - 
&amp#27;[m&amp#27;[32m[INFO ] gei.id.tutelado - -----------------------------------------------------------------------------------------------------------------------------------------
&amp#27;[m&amp#27;[32m[INFO ] gei.id.tutelado - Finalizado test: test08_Agregacion
&amp#27;[m&amp#27;[32m[INFO ] gei.id.tutelado - -----------------------------------------------------------------------------------------------------------------------------------------
&amp#27;[m]]></system-out>
  </testcase>
  <testcase name="test08_INNER_JOIN" classname="gei.id.tutelado.P04_Consultas" time="0.065">
    <system-out><![CDATA[&amp#27;[32m[INFO ] gei.id.tutelado - 
&amp#27;[m&amp#27;[32m[INFO ] gei.id.tutelado - %%%%%%%%%%%%%%%%%%%%%%%%%%%%%%%%%%%%%%%%%%%%%%%%%%%%%%%%%%%%%%%%%%%%%%%%%%%%%%%%%%%%%%%%%%%%%%%%%%%%%%%%%%%%%%%%%%%%%%%%%%%%%%%%%%%%%%%%%
&amp#27;[m&amp#27;[32m[INFO ] gei.id.tutelado - Iniciando test: test08_INNER_JOIN
&amp#27;[m&amp#27;[32m[INFO ] gei.id.tutelado - %%%%%%%%%%%%%%%%%%%%%%%%%%%%%%%%%%%%%%%%%%%%%%%%%%%%%%%%%%%%%%%%%%%%%%%%%%%%%%%%%%%%%%%%%%%%%%%%%%%%%%%%%%%%%%%%%%%%%%%%%%%%%%%%%%%%%%%%%
&amp#27;[m&amp#27;[32m[INFO ] gei.id.tutelado - 
&amp#27;[m&amp#27;[32m[INFO ] gei.id.tutelado - Limpando BD -----------------------------------------------------------------------------------------------------
&amp#27;[m&amp#27;[32m[INFO ] gei.id.tutelado - 
&amp#27;[m&amp#27;[32m[INFO ] gei.id.tutelado - Configurando situación de partida do test -----------------------------------------------------------------------
&amp#27;[m&amp#27;[32m[INFO ] gei.id.tutelado - 
&amp#27;[m&amp#27;[32m[INFO ] gei.id.tutelado - Inicio do test --------------------------------------------------------------------------------------------------
&amp#27;[m&amp#27;[32m[INFO ] gei.id.tutelado - Obxectivo: Proba da consulta recuperaDeclaracionesContribuyente

&amp#27;[m&amp#27;[32m[INFO ] gei.id.tutelado - 
&amp#27;[m&amp#27;[32m[INFO ] gei.id.tutelado - -----------------------------------------------------------------------------------------------------------------------------------------
&amp#27;[m&amp#27;[32m[INFO ] gei.id.tutelado - Finalizado test: test08_INNER_JOIN
&amp#27;[m&amp#27;[32m[INFO ] gei.id.tutelado - -----------------------------------------------------------------------------------------------------------------------------------------
&amp#27;[m]]></system-out>
  </testcase>
  <testcase name="test08_OUTER_JOIN" classname="gei.id.tutelado.P04_Consultas" time="0.056">
    <system-out><![CDATA[&amp#27;[32m[INFO ] gei.id.tutelado - 
&amp#27;[m&amp#27;[32m[INFO ] gei.id.tutelado - %%%%%%%%%%%%%%%%%%%%%%%%%%%%%%%%%%%%%%%%%%%%%%%%%%%%%%%%%%%%%%%%%%%%%%%%%%%%%%%%%%%%%%%%%%%%%%%%%%%%%%%%%%%%%%%%%%%%%%%%%%%%%%%%%%%%%%%%%
&amp#27;[m&amp#27;[32m[INFO ] gei.id.tutelado - Iniciando test: test08_OUTER_JOIN
&amp#27;[m&amp#27;[32m[INFO ] gei.id.tutelado - %%%%%%%%%%%%%%%%%%%%%%%%%%%%%%%%%%%%%%%%%%%%%%%%%%%%%%%%%%%%%%%%%%%%%%%%%%%%%%%%%%%%%%%%%%%%%%%%%%%%%%%%%%%%%%%%%%%%%%%%%%%%%%%%%%%%%%%%%
&amp#27;[m&amp#27;[32m[INFO ] gei.id.tutelado - 
&amp#27;[m&amp#27;[32m[INFO ] gei.id.tutelado - Limpando BD -----------------------------------------------------------------------------------------------------
&amp#27;[m&amp#27;[32m[INFO ] gei.id.tutelado - 
&amp#27;[m&amp#27;[32m[INFO ] gei.id.tutelado - Configurando situación de partida do test -----------------------------------------------------------------------
&amp#27;[m&amp#27;[32m[INFO ] gei.id.tutelado - 
&amp#27;[m&amp#27;[32m[INFO ] gei.id.tutelado - Inicio do test --------------------------------------------------------------------------------------------------
&amp#27;[m&amp#27;[32m[INFO ] gei.id.tutelado - Obxectivo: Proba da consulta 

&amp#27;[m&amp#27;[32m[INFO ] gei.id.tutelado - 
&amp#27;[m&amp#27;[32m[INFO ] gei.id.tutelado - -----------------------------------------------------------------------------------------------------------------------------------------
&amp#27;[m&amp#27;[32m[INFO ] gei.id.tutelado - Finalizado test: test08_OUTER_JOIN
&amp#27;[m&amp#27;[32m[INFO ] gei.id.tutelado - -----------------------------------------------------------------------------------------------------------------------------------------
&amp#27;[m]]></system-out>
  </testcase>
  <testcase name="test08_Subclase" classname="gei.id.tutelado.P04_Consultas" time="0.061">
    <system-out><![CDATA[&amp#27;[32m[INFO ] gei.id.tutelado - 
&amp#27;[m&amp#27;[32m[INFO ] gei.id.tutelado - %%%%%%%%%%%%%%%%%%%%%%%%%%%%%%%%%%%%%%%%%%%%%%%%%%%%%%%%%%%%%%%%%%%%%%%%%%%%%%%%%%%%%%%%%%%%%%%%%%%%%%%%%%%%%%%%%%%%%%%%%%%%%%%%%%%%%%%%%
&amp#27;[m&amp#27;[32m[INFO ] gei.id.tutelado - Iniciando test: test08_Subclase
&amp#27;[m&amp#27;[32m[INFO ] gei.id.tutelado - %%%%%%%%%%%%%%%%%%%%%%%%%%%%%%%%%%%%%%%%%%%%%%%%%%%%%%%%%%%%%%%%%%%%%%%%%%%%%%%%%%%%%%%%%%%%%%%%%%%%%%%%%%%%%%%%%%%%%%%%%%%%%%%%%%%%%%%%%
&amp#27;[m&amp#27;[32m[INFO ] gei.id.tutelado - 
&amp#27;[m&amp#27;[32m[INFO ] gei.id.tutelado - Limpando BD -----------------------------------------------------------------------------------------------------
&amp#27;[m&amp#27;[32m[INFO ] gei.id.tutelado - 
&amp#27;[m&amp#27;[32m[INFO ] gei.id.tutelado - Configurando situación de partida do test -----------------------------------------------------------------------
&amp#27;[m&amp#27;[32m[INFO ] gei.id.tutelado - 
&amp#27;[m&amp#27;[32m[INFO ] gei.id.tutelado - Inicio do test --------------------------------------------------------------------------------------------------
&amp#27;[m&amp#27;[32m[INFO ] gei.id.tutelado - Obxectivo: Proba da consulta contribuyentesPorEstadoCivil

&amp#27;[m&amp#27;[32m[INFO ] gei.id.tutelado - 
&amp#27;[m&amp#27;[32m[INFO ] gei.id.tutelado - -----------------------------------------------------------------------------------------------------------------------------------------
&amp#27;[m&amp#27;[32m[INFO ] gei.id.tutelado - Finalizado test: test08_Subclase
&amp#27;[m&amp#27;[32m[INFO ] gei.id.tutelado - -----------------------------------------------------------------------------------------------------------------------------------------
&amp#27;[m]]></system-out>
  </testcase>
</testsuite>